
> resume-bae@0.0.0 start /home/ubuntu/Resume-Bae
> node ./bin/www

[0mGET / [32m200 [0m220.066 ms - 151[0m
[0mGET /stylesheets/style.css [36m304 [0m221.915 ms - -[0m
[0mGET / [32m200 [0m10.433 ms - 151[0m
[0mGET /stylesheets/style.css [36m304 [0m0.482 ms - -[0m
[0mGET /stylesheets/style.css [36m304 [0m0.393 ms - -[0m
[0mGET / [32m200 [0m6.780 ms - 151[0m
[0mGET /stylesheets/style.css [36m304 [0m0.225 ms - -[0m
[0mGET /stylesheets/style.css [36m304 [0m0.297 ms - -[0m
[0mGET / [32m200 [0m9.673 ms - 151[0m
[0mGET /stylesheets/style.css [36m304 [0m0.283 ms - -[0m
[0mGET /stylesheets/style.css [36m304 [0m0.309 ms - -[0m
[0mGET / [32m200 [0m11.507 ms - 151[0m
[0mGET /stylesheets/style.css [36m304 [0m11.370 ms - -[0m
[0mGET /stylesheets/style.css [36m304 [0m0.370 ms - -[0m
[0mGET / [32m200 [0m7.448 ms - 151[0m
[0mGET /stylesheets/style.css [32m200 [0m2.489 ms - 111[0m
[0mGET /favicon.ico [33m404 [0m11.642 ms - 1045[0m
[0mGET / [32m200 [0m10.669 ms - 151[0m
[0mGET /robots.txt [33m404 [0m12.875 ms - 1045[0m
[0mGET / [32m200 [0m8.691 ms - 151[0m
[0mGET / [32m200 [0m10.943 ms - 151[0m
[0mGET /stylesheets/style.css [36m304 [0m0.319 ms - -[0m
[0mGET /stylesheets/style.css [36m304 [0m0.319 ms - -[0m
[0mGET / [32m200 [0m5.777 ms - 151[0m
[0mGET / [32m200 [0m12.793 ms - 151[0m
[0mGET /stylesheets/style.css [32m200 [0m0.711 ms - 111[0m
[0mGET / [32m200 [0m5.431 ms - 151[0m
[0mGET /apple-touch-icon-precomposed.png [33m404 [0m20.613 ms - 1045[0m
[0mGET /apple-touch-icon.png [33m404 [0m8.221 ms - 1045[0m
[0mGET /favicon.ico [33m404 [0m9.647 ms - 1045[0m
[0mGET /stylesheets/style.css [36m304 [0m0.295 ms - -[0m
[0mGET / [32m200 [0m22.531 ms - 151[0m
[0mGET /stylesheets/style.css [36m304 [0m0.310 ms - -[0m
[0mGET / [36m304 [0m6.199 ms - -[0m
[0mGET / [32m200 [0m9.120 ms - 151[0m
[0mGET /stylesheets/style.css [32m200 [0m0.505 ms - 111[0m
[0mGET / [32m200 [0m4.593 ms - 151[0m
[0mGET /stylesheets/style.css [36m304 [0m0.316 ms - -[0m
[0mGET / [32m200 [0m7.422 ms - 151[0m
[0mGET / [32m200 [0m9.715 ms - 151[0m
[0mGET / [32m200 [0m5.087 ms - 151[0m
[0mGET /stylesheets/style.css [32m200 [0m0.494 ms - 111[0m
[0mGET /favicon.ico [33m404 [0m13.456 ms - 1045[0m
[0mGET / [32m200 [0m7.028 ms - 151[0m
[0mGET / [32m200 [0m10.454 ms - 151[0m
[0mGET / [32m200 [0m3.343 ms - 151[0m
[0mGET /stylesheets/style.css [32m200 [0m0.503 ms - 111[0m
[0mGET /favicon.ico [33m404 [0m9.822 ms - 1045[0m
[0mGET / [32m200 [0m7.755 ms - 151[0m
[0mGET /favicon.ico [33m404 [0m7.253 ms - 1045[0m
[0mGET / [32m200 [0m4.139 ms - 151[0m
[0mGET / [32m200 [0m7.078 ms - 151[0m
[0mGET / [32m200 [0m4.120 ms - 151[0m
[0mGET /stylesheets/style.css [36m304 [0m0.332 ms - -[0m
[0mGET / [32m200 [0m8.121 ms - 151[0m
[0mGET /favicon.ico [33m404 [0m7.962 ms - 1045[0m
[0mGET / [32m200 [0m7.998 ms - 151[0m
[0mGET / [32m200 [0m4.338 ms - 151[0m
[0mGET / [32m200 [0m3.884 ms - 151[0m
[0mGET /favicon.ico [33m404 [0m4.749 ms - 1045[0m
[0mGET / [32m200 [0m5.690 ms - 151[0m
[0mGET / [32m200 [0m3.763 ms - 151[0m
[0mGET / [32m200 [0m5.043 ms - 151[0m
[0mGET / [32m200 [0m3.248 ms - 151[0m
[0mGET / [32m200 [0m3.724 ms - 151[0m
[0mGET / [32m200 [0m3.320 ms - 151[0m
[0mGET /favicon.ico [33m404 [0m4.736 ms - 1045[0m
[0mGET / [32m200 [0m3.688 ms - 151[0m
[0mGET / [32m200 [0m3.200 ms - 151[0m
[0mGET / [32m200 [0m4.604 ms - 151[0m
[0mGET / [32m200 [0m3.199 ms - 151[0m
[0mGET / [32m200 [0m3.594 ms - 151[0m
[0mGET / [32m200 [0m3.191 ms - 151[0m
