0 info it worked if it ends with ok
1 verbose cli [ '/usr/bin/node', '/usr/bin/npm', 'start' ]
2 info using npm@3.5.2
3 info using node@v6.11.4
4 verbose run-script [ 'prestart', 'start', 'poststart' ]
5 info lifecycle resume-bae@0.0.0~prestart: resume-bae@0.0.0
6 silly lifecycle resume-bae@0.0.0~prestart: no script for prestart, continuing
7 info lifecycle resume-bae@0.0.0~start: resume-bae@0.0.0
8 verbose lifecycle resume-bae@0.0.0~start: unsafe-perm in lifecycle true
9 verbose lifecycle resume-bae@0.0.0~start: PATH: /usr/share/npm/bin/node-gyp-bin:/home/osboxes/GUI2/Resume-Bae/node_modules/.bin:/home/osboxes/.cargo/bin:/usr/local/cm3/bin:/home/osboxes/Swift/usr/bin:/opt/icon/bin:/home/osboxes/.cargo/bin:/usr/local/cm3/bin:/usr/local/sbin:/usr/local/bin:/usr/sbin:/usr/bin:/sbin:/bin:/usr/games:/usr/local/games:/snap/bin
10 verbose lifecycle resume-bae@0.0.0~start: CWD: /home/osboxes/GUI2/Resume-Bae
11 silly lifecycle resume-bae@0.0.0~start: Args: [ '-c', 'node ./bin/www' ]
12 silly lifecycle resume-bae@0.0.0~start: Returned: code: 1  signal: null
13 info lifecycle resume-bae@0.0.0~start: Failed to exec start script
14 verbose stack Error: resume-bae@0.0.0 start: `node ./bin/www`
14 verbose stack Exit status 1
14 verbose stack     at EventEmitter.<anonymous> (/usr/share/npm/lib/utils/lifecycle.js:232:16)
14 verbose stack     at emitTwo (events.js:106:13)
14 verbose stack     at EventEmitter.emit (events.js:191:7)
14 verbose stack     at ChildProcess.<anonymous> (/usr/share/npm/lib/utils/spawn.js:24:14)
14 verbose stack     at emitTwo (events.js:106:13)
14 verbose stack     at ChildProcess.emit (events.js:191:7)
14 verbose stack     at maybeClose (internal/child_process.js:920:16)
14 verbose stack     at Process.ChildProcess._handle.onexit (internal/child_process.js:230:5)
15 verbose pkgid resume-bae@0.0.0
16 verbose cwd /home/osboxes/GUI2/Resume-Bae
17 error Linux 4.13.0-25-generic
18 error argv "/usr/bin/node" "/usr/bin/npm" "start"
19 error node v6.11.4
20 error npm  v3.5.2
21 error code ELIFECYCLE
22 error resume-bae@0.0.0 start: `node ./bin/www`
22 error Exit status 1
23 error Failed at the resume-bae@0.0.0 start script 'node ./bin/www'.
23 error Make sure you have the latest version of node.js and npm installed.
23 error If you do, this is most likely a problem with the resume-bae package,
23 error not with npm itself.
23 error Tell the author that this fails on your system:
23 error     node ./bin/www
23 error You can get information on how to open an issue for this project with:
23 error     npm bugs resume-bae
23 error Or if that isn't available, you can get their info via:
23 error     npm owner ls resume-bae
23 error There is likely additional logging output above.
24 verbose exit [ 1, true ]
